0 info it worked if it ends with ok
1 verbose cli [ 'C:\\Program Files\\nodejs\\\\node.exe',
1 verbose cli   'C:\\Program Files\\nodejs\\node_modules\\npm\\bin\\npm-cli.js',
1 verbose cli   'publish',
1 verbose cli   'grunt-qunit-sonar' ]
2 info using npm@1.1.62
3 info using node@v0.8.11
4 verbose node symlink C:\Program Files\nodejs\\node.exe
5 verbose publish [ 'grunt-qunit-sonar' ]
6 verbose read json D:\HSPS\grunt-qunit-sonar\grunt-qunit-sonar\grunt-qunit-sonar\package.json
7 verbose cache add [ 'grunt-qunit-sonar', null ]
8 silly cache add name=undefined spec="grunt-qunit-sonar" args=["grunt-qunit-sonar",null]
9 verbose parsed url { pathname: 'grunt-qunit-sonar',
9 verbose parsed url   path: 'grunt-qunit-sonar',
9 verbose parsed url   href: 'grunt-qunit-sonar' }
10 silly lockFile 3dc1d49f-grunt-qunit-sonar grunt-qunit-sonar
11 verbose lock grunt-qunit-sonar C:\Users\dovchar\AppData\Roaming\npm-cache\3dc1d49f-grunt-qunit-sonar.lock
12 silly lockFile 3dc1d49f-grunt-qunit-sonar grunt-qunit-sonar
13 verbose addNamed [ 'grunt-qunit-sonar', '' ]
14 verbose addNamed [ null, '' ]
15 silly lockFile de445d9e-grunt-qunit-sonar grunt-qunit-sonar@
16 verbose lock grunt-qunit-sonar@ C:\Users\dovchar\AppData\Roaming\npm-cache\de445d9e-grunt-qunit-sonar.lock
17 silly addNameRange { name: 'grunt-qunit-sonar', range: '', hasData: false }
18 verbose url raw grunt-qunit-sonar
19 verbose url resolving [ 'https://registry.npmjs.org/', './grunt-qunit-sonar' ]
20 verbose url resolved https://registry.npmjs.org/grunt-qunit-sonar
21 info trying registry request attempt 1 at 12:19:09
22 verbose etag "9CUBV455PT2QLKHUEKV3EG3EP"
23 http GET https://registry.npmjs.org/grunt-qunit-sonar
24 http 304 https://registry.npmjs.org/grunt-qunit-sonar
25 silly registry.get cb [ 304,
25 silly registry.get   { server: 'CouchDB/1.2.1 (Erlang OTP/R15B)',
25 silly registry.get     etag: '"9CUBV455PT2QLKHUEKV3EG3EP"',
25 silly registry.get     date: 'Tue, 05 Feb 2013 10:17:27 GMT',
25 silly registry.get     'content-length': '0' } ]
26 verbose etag grunt-qunit-sonar from cache
27 silly addNameRange number 2 { name: 'grunt-qunit-sonar', range: '', hasData: true }
28 silly addNameRange versions [ 'grunt-qunit-sonar', [ '0.0.1', '0.0.2' ] ]
29 verbose addNamed [ 'grunt-qunit-sonar', '0.0.2' ]
30 verbose addNamed [ '0.0.2', '0.0.2' ]
31 silly lockFile e562eff6-grunt-qunit-sonar-0-0-2 grunt-qunit-sonar@0.0.2
32 verbose lock grunt-qunit-sonar@0.0.2 C:\Users\dovchar\AppData\Roaming\npm-cache\e562eff6-grunt-qunit-sonar-0-0-2.lock
33 verbose read json C:\Users\dovchar\AppData\Roaming\npm-cache\grunt-qunit-sonar\0.0.2\package\package.json
34 silly lockFile e562eff6-grunt-qunit-sonar-0-0-2 grunt-qunit-sonar@0.0.2
35 silly lockFile de445d9e-grunt-qunit-sonar grunt-qunit-sonar@
36 silly publish { name: 'grunt-qunit-sonar',
36 silly publish   description: 'Grunt plugin for qunit unit test with coverage and create jstestdriver report',
36 silly publish   version: '0.0.2',
36 silly publish   homepage: 'https://github.com/dovchar/grunt-qunit-sonar',
36 silly publish   author: { name: 'Dmytro Ovcharenko', email: 'o.snich@gmail.com' },
36 silly publish   repository:
36 silly publish    { type: 'git',
36 silly publish      url: 'git://github.com/dovchar/grunt-qunit-sonar.git' },
36 silly publish   bugs: { url: 'https://github.com/dovchar/grunt-qunit-sonar/issues' },
36 silly publish   licenses:
36 silly publish    [ { type: 'MIT',
36 silly publish        url: 'https://github.com/dovchar/grunt-qunit-sonar/blob/master/MIT-LICENSE' } ],
36 silly publish   main: 'tasks/grunt-qunit-sonar',
36 silly publish   engines: { node: '>=0.8.0' },
36 silly publish   dependencies: { grunt: '~0.3.4', wrench: '~1.4.0' },
36 silly publish   devDependencies: {},
36 silly publish   keywords: [ 'gruntplugin' ],
36 silly publish   _id: 'grunt-qunit-sonar@0.0.2',
36 silly publish   _from: 'grunt-qunit-sonar',
36 silly publish   readme: '# grunt-qunit-sonar\r\n\r\n[Grunt](https://github.com/gruntjs/grunt) plugin for qunit unit test with coverage\r\n\r\n## Getting Started\r\n\r\nThis plugin has two external dependencies, both must be downloaded, extracted and registered in the PATH environment variable:\r\n\r\n1. [PhantomJs](http://phantomjs.org/download.html)\r\n2. [JsCoverage](http://siliconforks.com/jscoverage/download.html)\r\n\r\nInstall the module with: `npm install grunt-unit-sonar`\r\n\r\nThen load it from your own `grunt.js` file:\r\n\r\n```js\r\ngrunt.loadNpmTasks(\'grunt-qunit-sonar\');\r\n```\r\n\r\n## Documentation\r\n\r\n## Contributing\r\n\r\nPlease use the issue tracker and pull requests.\r\n\r\n## License\r\nCopyright (c) 2013 Dmytro Ovcharenko\r\nLicensed under the MIT license.' }
37 info prepublish grunt-qunit-sonar@0.0.2
38 verbose url raw grunt-qunit-sonar
39 verbose url resolving [ 'https://registry.npmjs.org/', './grunt-qunit-sonar' ]
40 verbose url resolved https://registry.npmjs.org/grunt-qunit-sonar
41 info trying registry request attempt 1 at 12:19:14
42 http PUT https://registry.npmjs.org/grunt-qunit-sonar
43 http 409 https://registry.npmjs.org/grunt-qunit-sonar
44 verbose url raw grunt-qunit-sonar
45 verbose url resolving [ 'https://registry.npmjs.org/', './grunt-qunit-sonar' ]
46 verbose url resolved https://registry.npmjs.org/grunt-qunit-sonar
47 info trying registry request attempt 1 at 12:19:16
48 http GET https://registry.npmjs.org/grunt-qunit-sonar
49 http 200 https://registry.npmjs.org/grunt-qunit-sonar
50 error publish fail Cannot publish over existing version.
50 error publish fail Bump the 'version' field, set the --force flag, or
50 error publish fail     npm unpublish 'grunt-qunit-sonar@0.0.2'
50 error publish fail and try again
51 error System Windows_NT 6.1.7601
52 error command "C:\\Program Files\\nodejs\\\\node.exe" "C:\\Program Files\\nodejs\\node_modules\\npm\\bin\\npm-cli.js" "publish" "grunt-qunit-sonar"
53 error cwd D:\HSPS\grunt-qunit-sonar\grunt-qunit-sonar
54 error node -v v0.8.11
55 error npm -v 1.1.62
56 error code EPUBLISHCONFLICT
57 verbose exit [ 1, true ]
